TN:
SF:controllers\category.controller.js
FN:4,(anonymous_0)
FN:19,(anonymous_1)
FN:40,(anonymous_2)
FN:52,(anonymous_3)
FN:66,(anonymous_4)
FN:83,(anonymous_5)
FN:96,(anonymous_6)
FNF:7
FNH:6
FNDA:2,(anonymous_0)
FNDA:3,(anonymous_1)
FNDA:2,(anonymous_2)
FNDA:0,(anonymous_3)
FNDA:2,(anonymous_4)
FNDA:2,(anonymous_5)
FNDA:2,(anonymous_6)
DA:1,1
DA:2,1
DA:4,1
DA:5,2
DA:6,2
DA:7,1
DA:11,1
DA:19,1
DA:21,3
DA:22,1
DA:24,2
DA:27,3
DA:28,1
DA:32,2
DA:40,1
DA:41,2
DA:42,2
DA:43,1
DA:47,1
DA:52,1
DA:53,0
DA:54,0
DA:55,0
DA:59,0
DA:66,1
DA:67,2
DA:68,2
DA:69,1
DA:73,1
DA:74,0
DA:78,1
DA:83,1
DA:84,2
DA:85,2
DA:86,1
DA:90,1
DA:96,1
DA:97,2
DA:98,2
DA:99,1
DA:103,1
DA:110,1
LF:42
LH:37
BRDA:6,0,0,1
BRDA:6,0,1,1
BRDA:21,1,0,1
BRDA:21,1,1,2
BRDA:27,2,0,1
BRDA:27,2,1,2
BRDA:42,3,0,1
BRDA:42,3,1,1
BRDA:54,4,0,0
BRDA:54,4,1,0
BRDA:68,5,0,1
BRDA:68,5,1,1
BRDA:73,6,0,0
BRDA:73,6,1,1
BRDA:85,7,0,1
BRDA:85,7,1,1
BRDA:98,8,0,1
BRDA:98,8,1,1
BRF:18
BRH:15
end_of_record
TN:
SF:models\cart.js
FN:5,(anonymous_0)
FN:12,(anonymous_1)
FNF:2
FNH:2
FNDA:2,(anonymous_0)
FNDA:2,(anonymous_1)
DA:4,2
DA:5,2
DA:14,2
DA:17,2
DA:24,2
DA:34,2
LF:6
LH:6
BRF:0
BRH:0
end_of_record
TN:
SF:models\cart_products.js
FN:5,(anonymous_0)
FN:12,(anonymous_1)
FNF:2
FNH:2
FNDA:2,(anonymous_0)
FNDA:2,(anonymous_1)
DA:4,2
DA:5,2
DA:16,2
DA:26,2
LF:4
LH:4
BRF:0
BRH:0
end_of_record
TN:
SF:models\category.js
FN:6,(anonymous_0)
FN:13,(anonymous_1)
FNF:2
FNH:2
FNDA:2,(anonymous_0)
FNDA:2,(anonymous_1)
DA:5,2
DA:6,2
DA:15,2
DA:20,2
DA:31,2
LF:5
LH:5
BRF:0
BRH:0
end_of_record
TN:
SF:models\index.js
FN:21,(anonymous_0)
FN:29,(anonymous_1)
FN:34,(anonymous_2)
FNF:3
FNH:3
FNDA:14,(anonymous_0)
FNDA:12,(anonymous_1)
FNDA:12,(anonymous_2)
DA:3,2
DA:4,2
DA:5,2
DA:6,2
DA:7,2
DA:8,2
DA:9,2
DA:10,2
DA:13,2
DA:14,0
DA:16,2
DA:19,2
DA:22,14
DA:30,12
DA:31,12
DA:34,2
DA:35,12
DA:36,12
DA:40,2
DA:41,2
DA:43,2
LF:21
LH:20
BRDA:8,0,0,2
BRDA:8,0,1,0
BRDA:13,1,0,0
BRDA:13,1,1,2
BRDA:23,2,0,14
BRDA:23,2,1,14
BRDA:23,2,2,12
BRDA:23,2,3,12
BRDA:35,3,0,12
BRDA:35,3,1,0
BRF:10
BRH:7
end_of_record
TN:
SF:models\products.js
FN:5,(anonymous_0)
FN:12,(anonymous_1)
FNF:2
FNH:2
FNDA:2,(anonymous_0)
FNDA:2,(anonymous_1)
DA:4,2
DA:5,2
DA:14,2
DA:17,2
DA:24,2
DA:36,2
LF:6
LH:6
BRF:0
BRH:0
end_of_record
TN:
SF:models\role.js
FN:5,(anonymous_0)
FN:12,(anonymous_1)
FNF:2
FNH:2
FNDA:2,(anonymous_0)
FNDA:2,(anonymous_1)
DA:4,2
DA:5,2
DA:14,2
DA:22,2
DA:32,2
LF:5
LH:5
BRF:0
BRH:0
end_of_record
TN:
SF:models\user.js
FN:6,(anonymous_0)
FN:13,(anonymous_1)
FN:48,(anonymous_2)
FNF:3
FNH:2
FNDA:2,(anonymous_0)
FNDA:2,(anonymous_1)
FNDA:0,(anonymous_2)
DA:4,2
DA:5,2
DA:6,2
DA:16,2
DA:21,2
DA:26,2
DA:48,2
DA:49,0
DA:50,0
DA:53,2
LF:10
LH:8
BRF:0
BRH:0
end_of_record
TN:
SF:services\category.service.js
FN:2,(anonymous_0)
FN:16,(anonymous_1)
FN:27,(anonymous_2)
FN:37,(anonymous_3)
FN:53,(anonymous_4)
FN:68,(anonymous_5)
FN:79,(anonymous_6)
FNF:7
FNH:4
FNDA:1,(anonymous_0)
FNDA:1,(anonymous_1)
FNDA:1,(anonymous_2)
FNDA:0,(anonymous_3)
FNDA:1,(anonymous_4)
FNDA:0,(anonymous_5)
FNDA:0,(anonymous_6)
DA:1,2
DA:2,2
DA:3,1
DA:4,1
DA:8,1
DA:10,0
DA:11,0
DA:16,2
DA:17,1
DA:18,1
DA:19,1
DA:21,0
DA:22,0
DA:27,2
DA:28,1
DA:29,1
DA:30,1
DA:32,0
DA:33,0
DA:37,2
DA:38,0
DA:39,0
DA:44,0
DA:45,0
DA:47,0
DA:48,0
DA:53,2
DA:54,1
DA:55,1
DA:56,1
DA:57,1
DA:58,1
DA:59,1
DA:61,0
DA:62,0
DA:68,2
DA:69,0
DA:70,0
DA:71,0
DA:72,0
DA:74,0
DA:75,0
DA:79,2
DA:80,0
DA:81,0
DA:89,0
DA:91,0
DA:92,0
DA:95,2
LF:49
LH:24
BRF:0
BRH:0
end_of_record
TN:
SF:tests\controllers\mocker.js
FN:1,mockRequest
FN:8,mockResponse
FNF:2
FNH:2
FNDA:13,mockRequest
FNDA:13,mockResponse
DA:2,13
DA:3,13
DA:4,13
DA:5,13
DA:6,13
DA:9,13
DA:10,13
DA:11,13
DA:12,13
DA:13,13
DA:16,1
LF:11
LH:11
BRF:0
BRH:0
end_of_record
